# JRE version: OpenJDK Runtime Environment Temurin-18.0.2.1+1 (18.0.2.1+1) (build 18.0.2.1+1)
# Java VM: OpenJDK 64-Bit Server VM Temurin-18.0.2.1+1 (18.0.2.1+1, mixed mode, emulated-client, tiered, compressed oops, compressed class ptrs, g1 gc, linux-amd64)
GC Precious Log:
 CardTable entry size: 512
 Card Set container configuration: InlinePtr #cards 5 size 8 Array Of Cards #cards 12 size 40 Howl #buckets 4 coarsen threshold 1843 Howl Bitmap #cards 512 size 80 coarsen threshold 460 Card regions per heap region 1 cards per card region 2048
 CPUs: 4 total, 4 available
 Memory: 7815M
 Large Page Support: Disabled
 NUMA Support: Disabled
 Compressed Oops: Enabled (32-bit)
 Heap Region Size: 1M
 Heap Min Capacity: 8M
 Heap Initial Capacity: 124M
 Heap Max Capacity: 1954M
 Pre-touch: Disabled
 Parallel Workers: 4
 Concurrent Workers: 1
 Concurrent Refinement Workers: 4
 Periodic GC: Disabled
Heap:
 garbage-first heap   total 95232K, used 74483K [0x0000000085e00000, 0x0000000100000000)
  region size 1024K, 56 young (57344K), 4 survivors (4096K)
 Metaspace       used 55281K, committed 55744K, reserved 1114112K
  class space    used 6991K, committed 7232K, reserved 1048576K
GC Heap History (20 events):
Event: 2.095 GC heap after
{Heap after GC invocations=6 (full 0):
 garbage-first heap   total 44032K, used 10041K [0x0000000085e00000, 0x0000000100000000)
  region size 1024K, 3 young (3072K), 3 survivors (3072K)
 Metaspace       used 23929K, committed 24192K, reserved 1114112K
  class space    used 2609K, committed 2752K, reserved 1048576K
}
Event: 2.100 GC heap before
{Heap before GC invocations=6 (full 0):
 garbage-first heap   total 44032K, used 11065K [0x0000000085e00000, 0x0000000100000000)
  region size 1024K, 4 young (4096K), 3 survivors (3072K)
 Metaspace       used 23985K, committed 24256K, reserved 1114112K
  class space    used 2613K, committed 2752K, reserved 1048576K
}
Event: 2.107 GC heap after
{Heap after GC invocations=7 (full 0):
 garbage-first heap   total 44032K, used 10091K [0x0000000085e00000, 0x0000000100000000)
  region size 1024K, 1 young (1024K), 1 survivors (1024K)
 Metaspace       used 23985K, committed 24256K, reserved 1114112K
  class space    used 2613K, committed 2752K, reserved 1048576K
}
Event: 2.219 GC heap before
{Heap before GC invocations=7 (full 0):
 garbage-first heap   total 44032K, used 28523K [0x0000000085e00000, 0x0000000100000000)
  region size 1024K, 20 young (20480K), 1 survivors (1024K)
 Metaspace       used 25628K, committed 25856K, reserved 1114112K
  class space    used 2838K, committed 2944K, reserved 1048576K
}
Event: 2.222 GC heap after
{Heap after GC invocations=8 (full 0):
 garbage-first heap   total 99328K, used 10182K [0x0000000085e00000, 0x0000000100000000)
  region size 1024K, 1 young (1024K), 1 survivors (1024K)
 Metaspace       used 25628K, committed 25856K, reserved 1114112K
  class space    used 2838K, committed 2944K, reserved 1048576K
}
Event: 2.902 GC heap before
{Heap before GC invocations=8 (full 0):
 garbage-first heap   total 99328K, used 67526K [0x0000000085e00000, 0x0000000100000000)
  region size 1024K, 58 young (59392K), 1 survivors (1024K)
 Metaspace       used 28698K, committed 28992K, reserved 1114112K
  class space    used 3264K, committed 3392K, reserved 1048576K
}
Event: 2.908 GC heap after
{Heap after GC invocations=9 (full 0):
 garbage-first heap   total 99328K, used 12721K [0x0000000085e00000, 0x0000000100000000)
  region size 1024K, 4 young (4096K), 4 survivors (4096K)
 Metaspace       used 28698K, committed 28992K, reserved 1114112K
  class space    used 3264K, committed 3392K, reserved 1048576K
}
Event: 3.506 GC heap before
{Heap before GC invocations=9 (full 0):
 garbage-first heap   total 99328K, used 66993K [0x0000000085e00000, 0x0000000100000000)
  region size 1024K, 58 young (59392K), 4 survivors (4096K)
 Metaspace       used 31930K, committed 32192K, reserved 1114112K
  class space    used 3741K, committed 3840K, reserved 1048576K
}
Event: 3.512 GC heap after
{Heap after GC invocations=10 (full 0):
 garbage-first heap   total 99328K, used 14105K [0x0000000085e00000, 0x0000000100000000)
  region size 1024K, 5 young (5120K), 5 survivors (5120K)
 Metaspace       used 31930K, committed 32192K, reserved 1114112K
  class space    used 3741K, committed 3840K, reserved 1048576K
}
Event: 3.934 GC heap before
{Heap before GC invocations=10 (full 0):
 garbage-first heap   total 99328K, used 57113K [0x0000000085e00000, 0x0000000100000000)
  region size 1024K, 48 young (49152K), 5 survivors (5120K)
 Metaspace       used 35863K, committed 36160K, reserved 1114112K
  class space    used 4281K, committed 4416K, reserved 1048576K
}
Event: 3.944 GC heap after
{Heap after GC invocations=11 (full 0):
 garbage-first heap   total 99328K, used 16808K [0x0000000085e00000, 0x0000000100000000)
  region size 1024K, 7 young (7168K), 7 survivors (7168K)
 Metaspace       used 35863K, committed 36160K, reserved 1114112K
  class space    used 4281K, committed 4416K, reserved 1048576K
}
Event: 4.337 GC heap before
{Heap before GC invocations=12 (full 0):
 garbage-first heap   total 71680K, used 68008K [0x0000000085e00000, 0x0000000100000000)
  region size 1024K, 58 young (59392K), 7 survivors (7168K)
 Metaspace       used 40759K, committed 41152K, reserved 1114112K
  class space    used 4791K, committed 4992K, reserved 1048576K
}
Event: 4.348 GC heap after
{Heap after GC invocations=13 (full 0):
 garbage-first heap   total 78848K, used 18598K [0x0000000085e00000, 0x0000000100000000)
  region size 1024K, 5 young (5120K), 5 survivors (5120K)
 Metaspace       used 40759K, committed 41152K, reserved 1114112K
  class space    used 4791K, committed 4992K, reserved 1048576K
}
Event: 4.749 GC heap before
{Heap before GC invocations=13 (full 0):
 garbage-first heap   total 78848K, used 60582K [0x0000000085e00000, 0x0000000100000000)
  region size 1024K, 46 young (47104K), 5 survivors (5120K)
 Metaspace       used 44851K, committed 45248K, reserved 1114112K
  class space    used 5366K, committed 5568K, reserved 1048576K
}
Event: 4.755 GC heap after
{Heap after GC invocations=14 (full 0):
 garbage-first heap   total 78848K, used 19980K [0x0000000085e00000, 0x0000000100000000)
  region size 1024K, 4 young (4096K), 4 survivors (4096K)
 Metaspace       used 44851K, committed 45248K, reserved 1114112K
  class space    used 5366K, committed 5568K, reserved 1048576K
}
Event: 5.120 GC heap before
{Heap before GC invocations=14 (full 0):
 garbage-first heap   total 78848K, used 61964K [0x0000000085e00000, 0x0000000100000000)
  region size 1024K, 45 young (46080K), 4 survivors (4096K)
 Metaspace       used 49260K, committed 49664K, reserved 1114112K
  class space    used 6044K, committed 6208K, reserved 1048576K
}
Event: 5.126 GC heap after
{Heap after GC invocations=15 (full 0):
 garbage-first heap   total 95232K, used 20370K [0x0000000085e00000, 0x0000000100000000)
  region size 1024K, 4 young (4096K), 4 survivors (4096K)
 Metaspace       used 49260K, committed 49664K, reserved 1114112K
  class space    used 6044K, committed 6208K, reserved 1048576K
}
Event: 5.686 GC heap before
{Heap before GC invocations=15 (full 0):
 garbage-first heap   total 95232K, used 72594K [0x0000000085e00000, 0x0000000100000000)
  region size 1024K, 55 young (56320K), 4 survivors (4096K)
 Metaspace       used 54365K, committed 54912K, reserved 1114112K
  class space    used 6849K, committed 7104K, reserved 1048576K
}
Event: 5.692 GC heap after
{Heap after GC invocations=16 (full 0):
 garbage-first heap   total 95232K, used 21235K [0x0000000085e00000, 0x0000000100000000)
  region size 1024K, 3 young (3072K), 3 survivors (3072K)
 Metaspace       used 54365K, committed 54912K, reserved 1114112K
  class space    used 6849K, committed 7104K, reserved 1048576K
}
Event: 2740.238 GC heap before
{Heap before GC invocations=16 (full 0):
 garbage-first heap   total 95232K, used 74483K [0x0000000085e00000, 0x0000000100000000)
  region size 1024K, 55 young (56320K), 3 survivors (3072K)
 Metaspace       used 55281K, committed 55744K, reserved 1114112K
  class space    used 6991K, committed 7232K, reserved 1048576K
}

